Arguments: 
  C:\Program Files\nodejs\node.exe C:\Users\Ricardo\AppData\Roaming\npm\node_modules\yarn\bin\yarn.js install

PATH: 
  C:\WINDOWS\system32;C:\WINDOWS;C:\WINDOWS\System32\Wbem;C:\WINDOWS\System32\WindowsPowerShell\v1.0\;C:\Program Files (x86)\Intel\Intel(R) Management Engine Components\DAL;C:\Program Files\Intel\Intel(R) Management Engine Components\DAL;C:\WINDOWS\System32\OpenSSH\;C:\Program Files\NVIDIA Corporation\NVIDIA NvDLISR;C:\Program Files (x86)\NVIDIA Corporation\PhysX\Common;C:\Program Files\nodejs\;C:\Program Files\PuTTY\;C:\Program Files\dotnet\;C:\Program Files\Microsoft SQL Server\130\Tools\Binn\;C:\Program Files\Microsoft SQL Server\Client SDK\ODBC\170\Tools\Binn\;C:\Program Files\Git\cmd;C:\Users\Ricardo\AppData\Local\Microsoft\WindowsApps;C:\Users\Ricardo\AppData\Roaming\npm;C:\Users\Ricardo\AppData\Local\Programs\Microsoft VS Code\bin;C:\Users\Ricardo\AppData\Local\GitHubDesktop\bin;C:\Program Files\heroku\bin

Yarn version: 
  1.22.4

Node version: 
  10.16.3

Platform: 
  win32 x64

Trace: 
  SyntaxError: C:\Users\Ricardo\Documents\Projetos\saas-seed-nodejs\package.json: Unexpected token } in JSON at position 337
      at JSON.parse (<anonymous>)
      at C:\Users\Ricardo\AppData\Roaming\npm\node_modules\yarn\lib\cli.js:1625:59
      at Generator.next (<anonymous>)
      at step (C:\Users\Ricardo\AppData\Roaming\npm\node_modules\yarn\lib\cli.js:310:30)
      at C:\Users\Ricardo\AppData\Roaming\npm\node_modules\yarn\lib\cli.js:321:13

npm manifest: 
  {
    "name": "saas-seed",
    "version": "1.0.0",
    "description": "",
    "scripts": {
      "dev": "tsc && ts-node-dev server.ts",
      "build": "tsc",
      "heroku-postbuild": "cd admin && npm install --only=dev && npm install && npm run build",
      "start": "node dist/server.ts",
      "test": "echo \"Error: no test specified\" && exit 1",
    },
    "author": "",
    "license": "ISC",
    "devDependencies": {
      "ts-node-dev": "^1.0.0-pre.44",
      "tslint": "^6.1.2"
    },
    "dependencies": {
      "@types/dotenv": "^8.2.0",
      "@types/express": "^4.17.6",
      "typescript": "^3.9.2",
      "dotenv": "^8.2.0",
      "express": "^4.17.1"
    }
  }

yarn manifest: 
  No manifest

Lockfile: 
  No lockfile
